# JRE version: OpenJDK Runtime Environment (21.0.4) (build 21.0.4+-12508038-b607.1)
# Java VM: OpenJDK 64-Bit Server VM (21.0.4+-12508038-b607.1, mixed mode, tiered, compressed oops, compressed class ptrs, g1 gc, windows-amd64)
GC Precious Log:
 CardTable entry size: 512
 Card Set container configuration: InlinePtr #cards 5 size 8 Array Of Cards #cards 12 size 40 Howl #buckets 4 coarsen threshold 1843 Howl Bitmap #cards 512 size 80 coarsen threshold 460 Card regions per heap region 1 cards per card region 2048
 CPUs: 12 total, 12 available
 Memory: 7521M
 Large Page Support: Disabled
 NUMA Support: Disabled
 Compressed Oops: Enabled (32-bit)
 Heap Region Size: 1M
 Heap Min Capacity: 8M
 Heap Initial Capacity: 118M
 Heap Max Capacity: 2G
 Pre-touch: Disabled
 Parallel Workers: 10
 Concurrent Workers: 3
 Concurrent Refinement Workers: 10
 Periodic GC: Disabled
Heap:
 garbage-first heap   total 273408K, used 195606K [0x0000000080000000, 0x0000000100000000)
  region size 1024K, 6 young (6144K), 6 survivors (6144K)
 Metaspace       used 64658K, committed 66176K, reserved 1114112K
  class space    used 8692K, committed 9472K, reserved 1048576K
GC Heap History (20 events):
Event: 49.083 GC heap after
{Heap after GC invocations=43 (full 0):
 garbage-first heap   total 187392K, used 81530K [0x0000000080000000, 0x0000000100000000)
  region size 1024K, 8 young (8192K), 8 survivors (8192K)
 Metaspace       used 63859K, committed 65344K, reserved 1114112K
  class space    used 8635K, committed 9344K, reserved 1048576K
}
Event: 49.876 GC heap before
{Heap before GC invocations=43 (full 0):
 garbage-first heap   total 187392K, used 102010K [0x0000000080000000, 0x0000000100000000)
  region size 1024K, 29 young (29696K), 8 survivors (8192K)
 Metaspace       used 63957K, committed 65408K, reserved 1114112K
  class space    used 8647K, committed 9344K, reserved 1048576K
}
Event: 49.878 GC heap after
{Heap after GC invocations=44 (full 0):
 garbage-first heap   total 187392K, used 75919K [0x0000000080000000, 0x0000000100000000)
  region size 1024K, 2 young (2048K), 2 survivors (2048K)
 Metaspace       used 63957K, committed 65408K, reserved 1114112K
  class space    used 8647K, committed 9344K, reserved 1048576K
}
Event: 50.216 GC heap before
{Heap before GC invocations=45 (full 0):
 garbage-first heap   total 187392K, used 176271K [0x0000000080000000, 0x0000000100000000)
  region size 1024K, 98 young (100352K), 2 survivors (2048K)
 Metaspace       used 64247K, committed 65792K, reserved 1114112K
  class space    used 8665K, committed 9472K, reserved 1048576K
}
Event: 50.221 GC heap after
{Heap after GC invocations=46 (full 0):
 garbage-first heap   total 187392K, used 80996K [0x0000000080000000, 0x0000000100000000)
  region size 1024K, 5 young (5120K), 5 survivors (5120K)
 Metaspace       used 64247K, committed 65792K, reserved 1114112K
  class space    used 8665K, committed 9472K, reserved 1048576K
}
Event: 50.462 GC heap before
{Heap before GC invocations=46 (full 0):
 garbage-first heap   total 187392K, used 176228K [0x0000000080000000, 0x0000000100000000)
  region size 1024K, 93 young (95232K), 5 survivors (5120K)
 Metaspace       used 64464K, committed 66048K, reserved 1114112K
  class space    used 8698K, committed 9472K, reserved 1048576K
}
Event: 50.466 GC heap after
{Heap after GC invocations=47 (full 0):
 garbage-first heap   total 188416K, used 90282K [0x0000000080000000, 0x0000000100000000)
  region size 1024K, 9 young (9216K), 9 survivors (9216K)
 Metaspace       used 64464K, committed 66048K, reserved 1114112K
  class space    used 8698K, committed 9472K, reserved 1048576K
}
Event: 50.636 GC heap before
{Heap before GC invocations=47 (full 0):
 garbage-first heap   total 188416K, used 168106K [0x0000000080000000, 0x0000000100000000)
  region size 1024K, 85 young (87040K), 9 survivors (9216K)
 Metaspace       used 64466K, committed 66048K, reserved 1114112K
  class space    used 8698K, committed 9472K, reserved 1048576K
}
Event: 50.641 GC heap after
{Heap after GC invocations=48 (full 0):
 garbage-first heap   total 226304K, used 94258K [0x0000000080000000, 0x0000000100000000)
  region size 1024K, 9 young (9216K), 9 survivors (9216K)
 Metaspace       used 64466K, committed 66048K, reserved 1114112K
  class space    used 8698K, committed 9472K, reserved 1048576K
}
Event: 50.908 GC heap before
{Heap before GC invocations=49 (full 0):
 garbage-first heap   total 226304K, used 203826K [0x0000000080000000, 0x0000000100000000)
  region size 1024K, 116 young (118784K), 9 survivors (9216K)
 Metaspace       used 64469K, committed 66048K, reserved 1114112K
  class space    used 8698K, committed 9472K, reserved 1048576K
}
Event: 50.913 GC heap after
{Heap after GC invocations=50 (full 0):
 garbage-first heap   total 226304K, used 100256K [0x0000000080000000, 0x0000000100000000)
  region size 1024K, 10 young (10240K), 10 survivors (10240K)
 Metaspace       used 64469K, committed 66048K, reserved 1114112K
  class space    used 8698K, committed 9472K, reserved 1048576K
}
Event: 51.119 GC heap before
{Heap before GC invocations=50 (full 0):
 garbage-first heap   total 226304K, used 203680K [0x0000000080000000, 0x0000000100000000)
  region size 1024K, 111 young (113664K), 10 survivors (10240K)
 Metaspace       used 64470K, committed 66048K, reserved 1114112K
  class space    used 8699K, committed 9472K, reserved 1048576K
}
Event: 51.125 GC heap after
{Heap after GC invocations=51 (full 0):
 garbage-first heap   total 226304K, used 104792K [0x0000000080000000, 0x0000000100000000)
  region size 1024K, 11 young (11264K), 11 survivors (11264K)
 Metaspace       used 64470K, committed 66048K, reserved 1114112K
  class space    used 8699K, committed 9472K, reserved 1048576K
}
Event: 51.186 GC heap before
{Heap before GC invocations=51 (full 0):
 garbage-first heap   total 226304K, used 122200K [0x0000000080000000, 0x0000000100000000)
  region size 1024K, 29 young (29696K), 11 survivors (11264K)
 Metaspace       used 64470K, committed 66048K, reserved 1114112K
  class space    used 8699K, committed 9472K, reserved 1048576K
}
Event: 51.192 GC heap after
{Heap after GC invocations=52 (full 0):
 garbage-first heap   total 226304K, used 108056K [0x0000000080000000, 0x0000000100000000)
  region size 1024K, 14 young (14336K), 14 survivors (14336K)
 Metaspace       used 64470K, committed 66048K, reserved 1114112K
  class space    used 8699K, committed 9472K, reserved 1048576K
}
Event: 51.547 GC heap before
{Heap before GC invocations=53 (full 0):
 garbage-first heap   total 226304K, used 204312K [0x0000000080000000, 0x0000000100000000)
  region size 1024K, 103 young (105472K), 14 survivors (14336K)
 Metaspace       used 64556K, committed 66112K, reserved 1114112K
  class space    used 8692K, committed 9472K, reserved 1048576K
}
Event: 51.631 GC heap after
{Heap after GC invocations=54 (full 0):
 garbage-first heap   total 273408K, used 167424K [0x0000000080000000, 0x0000000100000000)
  region size 1024K, 13 young (13312K), 13 survivors (13312K)
 Metaspace       used 64556K, committed 66112K, reserved 1114112K
  class space    used 8692K, committed 9472K, reserved 1048576K
}
Event: 51.739 GC heap before
{Heap before GC invocations=54 (full 0):
 garbage-first heap   total 273408K, used 227840K [0x0000000080000000, 0x0000000100000000)
  region size 1024K, 70 young (71680K), 13 survivors (13312K)
 Metaspace       used 64608K, committed 66176K, reserved 1114112K
  class space    used 8692K, committed 9472K, reserved 1048576K
}
Event: 51.756 GC heap after
{Heap after GC invocations=55 (full 0):
 garbage-first heap   total 273408K, used 187904K [0x0000000080000000, 0x0000000100000000)
  region size 1024K, 9 young (9216K), 9 survivors (9216K)
 Metaspace       used 64608K, committed 66176K, reserved 1114112K
  class space    used 8692K, committed 9472K, reserved 1048576K
}
Event: 51.807 GC heap before
{Heap before GC invocations=55 (full 0):
 garbage-first heap   total 273408K, used 233984K [0x0000000080000000, 0x0000000100000000)
  region size 1024K, 54 young (55296K), 9 survivors (9216K)
 Metaspace       used 64658K, committed 66176K, reserved 1114112K
  class space    used 8692K, committed 9472K, reserved 1048576K
}

